#
# There is insufficient memory for the Java Runtime Environment to continue.
# Native memory allocation (mmap) failed to map 268435456 bytes for G1 virtual space
# Possible reasons:
#   The system is out of physical RAM or swap space
#   The process is running with CompressedOops enabled, and the Java Heap may be blocking the growth of the native heap
# Possible solutions:
#   Reduce memory load on the system
#   Increase physical memory or swap space
#   Check if swap backing store is full
#   Decrease Java heap size (-Xmx/-Xms)
#   Decrease number of Java threads
#   Decrease Java thread stack sizes (-Xss)
#   Set larger code cache with -XX:ReservedCodeCacheSize=
#   JVM is running with Zero Based Compressed Oops mode in which the Java heap is
#     placed in the first 32GB address space. The Java Heap base address is the
#     maximum limit for the native heap growth. Please use -XX:HeapBaseMinAddress
#     to set the Java Heap base and to place the Java Heap above 32GB virtual address.
# This output file may be truncated or incomplete.
#
#  Out of Memory Error (os_windows.cpp:3550), pid=4704, tid=2880
#
# JRE version:  (17.0.7+8) (build )
# Java VM: Java HotSpot(TM) 64-Bit Server VM (17.0.7+8-LTS-224, mixed mode, sharing, tiered, compressed oops, compressed class ptrs, g1 gc, windows-amd64)
# No core dump will be written. Minidumps are not enabled by default on client versions of Windows
#

---------------  S U M M A R Y ------------

Command Line: org.jetbrains.kotlin.cli.jvm.K2JVMCompiler @C:\Users\simon\AndroidStudioProjects\Homework\app\build\20230629_566569291841048613.compiler.options

Host: Intel(R) Core(TM) i5-8300H CPU @ 2.30GHz, 8 cores, 15G,  Windows 11 , 64 bit Build 22621 (10.0.22621.1778)
Time: Thu Jun 29 20:54:46 2023 FLE Summer Time elapsed time: 0.050180 seconds (0d 0h 0m 0s)

---------------  T H R E A D  ---------------

Current thread (0x000001db170704f0):  JavaThread "Unknown thread" [_thread_in_vm, id=2880, stack(0x000000a04d000000,0x000000a04d100000)]

Stack: [0x000000a04d000000,0x000000a04d100000]
Native frames: (J=compiled Java code, j=interpreted, Vv=VM code, C=native code)
V  [jvm.dll+0x676a4a]
V  [jvm.dll+0x7d74f4]
V  [jvm.dll+0x7d8c9e]
V  [jvm.dll+0x7d9303]
V  [jvm.dll+0x2452c5]
V  [jvm.dll+0x6738f9]
V  [jvm.dll+0x668232]
V  [jvm.dll+0x302826]
V  [jvm.dll+0x309da6]
V  [jvm.dll+0x35952e]
V  [jvm.dll+0x35975f]
V  [jvm.dll+0x2d9a38]
V  [jvm.dll+0x2da9a4]
V  [jvm.dll+0x7a8fb1]
V  [jvm.dll+0x3670e1]
V  [jvm.dll+0x788359]
V  [jvm.dll+0x3ea5ef]
V  [jvm.dll+0x3ec071]
C  [jli.dll+0x5297]
C  [ucrtbase.dll+0x29363]
C  [KERNEL32.DLL+0x126ad]
C  [ntdll.dll+0x5a9f8]


---------------  P R O C E S S  ---------------

Threads class SMR info:
_java_thread_list=0x00007ff946064998, length=0, elements={
}

Java Threads: ( => current thread )

Other Threads:
  0x000001db170d80c0 GCTaskThread "GC Thread#0" [stack: 0x000000a04d100000,0x000000a04d200000] [id=15472]
  0x000001db170e8f70 ConcurrentGCThread "G1 Main Marker" [stack: 0x000000a04d200000,0x000000a04d300000] [id=15440]
  0x000001db170eb540 ConcurrentGCThread "G1 Conc#0" [stack: 0x000000a04d300000,0x000000a04d400000] [id=15476]

[error occurred during error reporting (printing all threads), id 0xc0000005, EXCEPTION_ACCESS_VIOLATION (0xc0000005) at pc=0x00007ff94589a697]

VM state: not at safepoint (not fully initialized)

VM Mutex/Monitor currently owned by a thread:  ([mutex/lock_event])
[0x000001db1706df10] Heap_lock - owner thread: 0x000001db170704f0

Heap address: 0x0000000701e00000, size: 4066 MB, Compressed Oops mode: Zero based, Oop shift amount: 3

CDS archive(s) mapped at: [0x0000000000000000-0x0000000000000000-0x0000000000000000), size 0, SharedBaseAddress: 0x0000000800000000, ArchiveRelocationMode: 0.
Narrow klass base: 0x0000000000000000, Narrow klass shift: 0, Narrow klass range: 0x0

GC Precious Log:
<Empty>

Heap:
 garbage-first heap   total 0K, used 0K [0x0000000701e00000, 0x0000000800000000)
  region size 2048K, 0 young (0K), 0 survivors (0K)

[error occurred during error reporting (printing heap information), id 0xc0000005, EXCEPTION_ACCESS_VIOLATION (0xc0000005) at pc=0x00007ff945c800b9]

GC Heap History (0 events):
No events

Deoptimization events (0 events):
No events

Classes unloaded (0 events):
No events

Classes redefined (0 events):
No events

Internal exceptions (0 events):
No events

VM Operations (0 events):
No events

Events (1 events):
Event: 0.044 Loaded shared library C:\Program Files\Java\jdk-17\bin\java.dll


Dynamic libraries:
0x00007ff630c20000 - 0x00007ff630c30000 	C:\Program Files\Java\jdk-17\bin\java.exe
0x00007ff9aeb90000 - 0x00007ff9aeda4000 	C:\WINDOWS\SYSTEM32\ntdll.dll
0x00007ff9ae000000 - 0x00007ff9ae0c2000 	C:\WINDOWS\System32\KERNEL32.DLL
0x00007ff9ac050000 - 0x00007ff9ac3f3000 	C:\WINDOWS\System32\KERNELBASE.dll
0x00007ff9ac5c0000 - 0x00007ff9ac6d1000 	C:\WINDOWS\System32\ucrtbase.dll
0x00007ff999860000 - 0x00007ff99987b000 	C:\Program Files\Java\jdk-17\bin\VCRUNTIME140.dll
0x00007ff9997d0000 - 0x00007ff9997e9000 	C:\Program Files\Java\jdk-17\bin\jli.dll
0x00007ff9ad0a0000 - 0x00007ff9ad14e000 	C:\WINDOWS\System32\ADVAPI32.dll
0x00007ff9ae8f0000 - 0x00007ff9ae997000 	C:\WINDOWS\System32\msvcrt.dll
0x00007ff9ac970000 - 0x00007ff9aca14000 	C:\WINDOWS\System32\sechost.dll
0x00007ff9ae480000 - 0x00007ff9ae597000 	C:\WINDOWS\System32\RPCRT4.dll
0x00007ff9ae9a0000 - 0x00007ff9aeb4b000 	C:\WINDOWS\System32\USER32.dll
0x00007ff9ac590000 - 0x00007ff9ac5b6000 	C:\WINDOWS\System32\win32u.dll
0x00007ff98a020000 - 0x00007ff98a2ae000 	C:\WINDOWS\WinSxS\amd64_microsoft.windows.common-controls_6595b64144ccf1df_6.0.22621.1635_none_270f70857386168e\COMCTL32.dll
0x00007ff9acf90000 - 0x00007ff9acfb9000 	C:\WINDOWS\System32\GDI32.dll
0x00007ff9ac850000 - 0x00007ff9ac969000 	C:\WINDOWS\System32\gdi32full.dll
0x00007ff9ac4f0000 - 0x00007ff9ac58a000 	C:\WINDOWS\System32\msvcp_win.dll
0x00007ff9a51a0000 - 0x00007ff9a51aa000 	C:\WINDOWS\SYSTEM32\VERSION.dll
0x00007ff9acab0000 - 0x00007ff9acae1000 	C:\WINDOWS\System32\IMM32.DLL
0x00007ff99e820000 - 0x00007ff99e82c000 	C:\Program Files\Java\jdk-17\bin\vcruntime140_1.dll
0x00007ff979890000 - 0x00007ff97991e000 	C:\Program Files\Java\jdk-17\bin\msvcp140.dll
0x00007ff9455b0000 - 0x00007ff94618d000 	C:\Program Files\Java\jdk-17\bin\server\jvm.dll
0x00007ff9acf80000 - 0x00007ff9acf88000 	C:\WINDOWS\System32\PSAPI.DLL
0x00007ff9a7030000 - 0x00007ff9a7039000 	C:\WINDOWS\SYSTEM32\WSOCK32.dll
0x00007ff9ae2a0000 - 0x00007ff9ae311000 	C:\WINDOWS\System32\WS2_32.dll
0x00007ff9a5490000 - 0x00007ff9a54c4000 	C:\WINDOWS\SYSTEM32\WINMM.dll
0x00007ff9aafa0000 - 0x00007ff9aafb8000 	C:\WINDOWS\SYSTEM32\kernel.appcore.dll
0x00007ff999850000 - 0x00007ff99985a000 	C:\Program Files\Java\jdk-17\bin\jimage.dll
0x00007ff9a9920000 - 0x00007ff9a9b4e000 	C:\WINDOWS\SYSTEM32\DBGHELP.DLL
0x00007ff9ad250000 - 0x00007ff9ad5d9000 	C:\WINDOWS\System32\combase.dll
0x00007ff9acfc0000 - 0x00007ff9ad097000 	C:\WINDOWS\System32\OLEAUT32.dll
0x00007ff995550000 - 0x00007ff995582000 	C:\WINDOWS\SYSTEM32\dbgcore.DLL
0x00007ff9ac470000 - 0x00007ff9ac4eb000 	C:\WINDOWS\System32\bcryptPrimitives.dll
0x00007ff9942d0000 - 0x00007ff9942f5000 	C:\Program Files\Java\jdk-17\bin\java.dll

dbghelp: loaded successfully - version: 4.0.5 - missing functions: none
symbol engine: initialized successfully - sym options: 0x614 - pdb path: .;C:\Program Files\Java\jdk-17\bin;C:\WINDOWS\SYSTEM32;C:\WINDOWS\WinSxS\amd64_microsoft.windows.common-controls_6595b64144ccf1df_6.0.22621.1635_none_270f70857386168e;C:\Program Files\Java\jdk-17\bin\server

VM Arguments:
java_command: org.jetbrains.kotlin.cli.jvm.K2JVMCompiler @C:\Users\simon\AndroidStudioProjects\Homework\app\build\20230629_566569291841048613.compiler.options
java_class_path (initial): C:\Users\simon\.gradle\caches\modules-2\files-2.1\org.jetbrains.kotlin\kotlin-compiler-embeddable\1.8.21\a4a682d55fb788432e4b7bf2ab3acb7a7365fb35\kotlin-compiler-embeddable-1.8.21.jar;C:\Users\simon\.gradle\caches\modules-2\files-2.1\org.jetbrains.kotlin\kotlin-stdlib\1.8.21\43d50ab85bc7587adfe3dda3dbe579e5f8d51265\kotlin-stdlib-1.8.21.jar;C:\Users\simon\.gradle\caches\modules-2\files-2.1\org.jetbrains.kotlin\kotlin-script-runtime\1.8.21\bf43f76b6e29bdc09b6c8a4511a9118b0ab12b1f\kotlin-script-runtime-1.8.21.jar;C:\Users\simon\.gradle\caches\modules-2\files-2.1\org.jetbrains.kotlin\kotlin-reflect\1.6.10\1cbe9c92c12a94eea200d23c2bbaedaf3daf5132\kotlin-reflect-1.6.10.jar;C:\Users\simon\.gradle\caches\modules-2\files-2.1\org.jetbrains.kotlin\kotlin-daemon-embeddable\1.8.21\882003c48db58d16c8fb5a933abf08b5974a1a19\kotlin-daemon-embeddable-1.8.21.jar;C:\Users\simon\.gradle\caches\modules-2\files-2.1\org.jetbrains.intellij.deps\trove4j\1.0.20200330\3afb14d5f9ceb459d724e907a21145e8ff394f02\trove4j-1.0.20200330.jar;C:\Users\simon\.gradle\caches\modules-2\files-2.1\net.java.dev.jna\jna\5.6.0\330f2244e9030119ab3030fc3fededc86713d9cc\jna-5.6.0.jar;C:\Users\simon\.gradle\caches\modules-2\files-2.1\org.jetbrains.kotlin\kotlin-stdlib-common\1.8.21\d749cd5ae25da36d06e5028785038e24f9d37976\kotlin-stdlib-common-1.8.21.jar;C:\Users\simon\.gradle\caches\modules-2\files-2.1\org.jetbrains\annotations\13.0\919f0dfe192fb4e063e7dacadee7f8bb9a2672a9\annotations-13.0.jar
Launcher Type: SUN_STANDARD

[Global flags]
     intx CICompilerCount                          = 4                                         {product} {ergonomic}
     uint ConcGCThreads                            = 2                                         {product} {ergonomic}
     uint G1ConcRefinementThreads                  = 8                                         {product} {ergonomic}
   size_t G1HeapRegionSize                         = 2097152                                   {product} {ergonomic}
    uintx GCDrainStackTargetSize                   = 64                                        {product} {ergonomic}
   size_t InitialHeapSize                          = 268435456                                 {product} {ergonomic}
   size_t MarkStackSize                            = 4194304                                   {product} {ergonomic}
   size_t MaxHeapSize                              = 4263510016                                {product} {ergonomic}
   size_t MinHeapDeltaBytes                        = 2097152                                   {product} {ergonomic}
   size_t MinHeapSize                              = 8388608                                   {product} {ergonomic}
    uintx NonNMethodCodeHeapSize                   = 5839372                                {pd product} {ergonomic}
    uintx NonProfiledCodeHeapSize                  = 122909434                              {pd product} {ergonomic}
    uintx ProfiledCodeHeapSize                     = 122909434                              {pd product} {ergonomic}
    uintx ReservedCodeCacheSize                    = 251658240                              {pd product} {ergonomic}
     bool SegmentedCodeCache                       = true                                      {product} {ergonomic}
   size_t SoftMaxHeapSize                          = 4263510016                             {manageable} {ergonomic}
     bool UseCompressedClassPointers               = true                           {product lp64_product} {ergonomic}
     bool UseCompressedOops                        = true                           {product lp64_product} {ergonomic}
     bool UseG1GC                                  = true                                      {product} {ergonomic}
     bool UseLargePagesIndividualAllocation        = false                                  {pd product} {ergonomic}

Logging:
Log output configuration:
 #0: stdout all=warning uptime,level,tags
 #1: stderr all=off uptime,level,tags

Environment Variables:
JAVA_HOME=C:\Program Files\Java\jdk-17
CLASSPATH=C:\Users\simon\AndroidStudioProjects\Homework\\gradle\wrapper\gradle-wrapper.jar
PATH=C:\Program Files\Common Files\Oracle\Java\javapath;C:\ProgramData\Oracle\Java\javapath;C:\Windows\system32;C:\Windows;C:\Windows\System32\Wbem;C:\Windows\System32\WindowsPowerShell\v1.0\;C:\Windows\System32\OpenSSH\;C:\Program Files\NVIDIA Corporation\NVIDIA NvDLISR;C:\Program Files (x86)\NVIDIA Corporation\PhysX\Common;C:\Program Files\dotnet\;C:\Program Files\Git\cmd;C:\HashiCorp\Vagrant\bin;C:\WINDOWS\system32;C:\WINDOWS;C:\WINDOWS\System32\Wbem;C:\WINDOWS\System32\WindowsPowerShell\v1.0\;C:\WINDOWS\System32\OpenSSH\;C:\Users\simon\AppData\Local\Programs\Python\Python311\Scripts\;C:\Users\simon\AppData\Local\Programs\Python\Python311\;C:\Users\simon\AppData\Local\Microsoft\WindowsApps;;C:\Users\simon\AppData\Local\Programs\Microsoft VS Code\bin;C:\Users\simon\.dotnet\tools
USERNAME=simon
OS=Windows_NT
PROCESSOR_IDENTIFIER=Intel64 Family 6 Model 158 Stepping 10, GenuineIntel



---------------  S Y S T E M  ---------------

OS:
 Windows 11 , 64 bit Build 22621 (10.0.22621.1778)
OS uptime: 1 days 11:32 hours
Hyper-V role detected

CPU: total 8 (initial active 8) (4 cores per cpu, 2 threads per core) family 6 model 158 stepping 10 microcode 0xde, cx8, cmov, fxsr, ht, mmx, 3dnowpref, sse, sse2, sse3, ssse3, sse4.1, sse4.2, popcnt, lzcnt, tsc, tscinvbit, avx, avx2, aes, erms, clmul, bmi1, bmi2, adx, fma, vzeroupper, clflush, clflushopt, hv

Memory: 4k page, system-wide physical 16258M (2544M free)
TotalPageFile size 16258M (AvailPageFile size 238M)
current process WorkingSet (physical memory assigned to process): 11M, peak: 11M
current process commit charge ("private bytes"): 60M, peak: 316M

vm_info: Java HotSpot(TM) 64-Bit Server VM (17.0.7+8-LTS-224) for windows-amd64 JRE (17.0.7+8-LTS-224), built on Feb 28 2023 23:03:02 by "mach5one" with MS VC++ 17.1 (VS2022)

END.
